<?xml version="1.0" encoding="UTF-8"?>
<testsuite name="preconditions.ip.PreconditionsTest" tests="1" skipped="0" failures="0" errors="0" timestamp="2020-06-24T15:51:17" hostname="DESKTOP-QA2NH3N" time="0.0">
  <properties/>
  <testcase name="testPreconditions" classname="preconditions.ip.PreconditionsTest" time="0.0"/>
  <system-out><![CDATA[]]></system-out>
  <system-err><![CDATA[]]></system-err>
</testsuite>
