<?xml version="1.0" encoding="UTF-8"?>
<testsuite name="com.ip.collections.ListsUtilityTest" tests="3" skipped="0" failures="0" errors="0" timestamp="2020-06-24T15:51:17" hostname="DESKTOP-QA2NH3N" time="0.004">
  <properties/>
  <testcase name="testPartition" classname="com.ip.collections.ListsUtilityTest" time="0.004"/>
  <testcase name="testPartitionWithEmpty" classname="com.ip.collections.ListsUtilityTest" time="0.0"/>
  <testcase name="testPartitionWithNull" classname="com.ip.collections.ListsUtilityTest" time="0.0"/>
  <system-out><![CDATA[]]></system-out>
  <system-err><![CDATA[]]></system-err>
</testsuite>
