<?xml version="1.0" encoding="UTF-8"?>
<testsuite name="preconditions.ip.GuavaTest" tests="4" skipped="0" failures="0" errors="0" timestamp="2020-06-24T15:51:17" hostname="DESKTOP-QA2NH3N" time="0.016">
  <properties/>
  <testcase name="testMapJoiner" classname="preconditions.ip.GuavaTest" time="0.004"/>
  <testcase name="testRemoveWhiteSpace" classname="preconditions.ip.GuavaTest" time="0.012"/>
  <testcase name="testRetainFrom" classname="preconditions.ip.GuavaTest" time="0.0"/>
  <testcase name="testTrimRemoveWhiteSpace" classname="preconditions.ip.GuavaTest" time="0.0"/>
  <system-out><![CDATA[]]></system-out>
  <system-err><![CDATA[]]></system-err>
</testsuite>
