<?xml version="1.0" encoding="UTF-8"?>
<testsuite name="com.ip.collections.SetsUtilityTest" tests="4" skipped="0" failures="0" errors="0" timestamp="2020-06-24T15:51:17" hostname="DESKTOP-QA2NH3N" time="0.008">
  <properties/>
  <testcase name="testDifference" classname="com.ip.collections.SetsUtilityTest" time="0.004"/>
  <testcase name="testIntersection" classname="com.ip.collections.SetsUtilityTest" time="0.0"/>
  <testcase name="testSymmetricDiff" classname="com.ip.collections.SetsUtilityTest" time="0.004"/>
  <testcase name="testUnion" classname="com.ip.collections.SetsUtilityTest" time="0.0"/>
  <system-out><![CDATA[]]></system-out>
  <system-err><![CDATA[]]></system-err>
</testsuite>
